<?xml version="1.0" encoding="UTF-8" ?>
<testsuite tests="10" failures="0" name="mylib.datastructures.linear.SLLTest" time="0.015" errors="0" skipped="0">
  <properties>
[...]
</properties>
  <testcase classname="mylib.datastructures.linear.SLLTest" name="testClear" time="0.003"/>
  <testcase classname="mylib.datastructures.linear.SLLTest" name="testSort" time="0.002"/>
  <testcase classname="mylib.datastructures.linear.SLLTest" name="testInsertHead" time="0.001"/>
  <testcase classname="mylib.datastructures.linear.SLLTest" name="testInsertTail" time="0"/>
  <testcase classname="mylib.datastructures.linear.SLLTest" name="testDeleteHead" time="0"/>
  <testcase classname="mylib.datastructures.linear.SLLTest" name="testDeleteTail" time="0.001"/>
  <testcase classname="mylib.datastructures.linear.SLLTest" name="testDelete" time="0.002"/>
  <testcase classname="mylib.datastructures.linear.SLLTest" name="testInsert" time="0.002"/>
  <testcase classname="mylib.datastructures.linear.SLLTest" name="testSortedInsert" time="0.004"/>
  <testcase classname="mylib.datastructures.linear.SLLTest" name="testSearch" time="0"/>
</testsuite>